[ 2016-07-23T17:26:57+08:00 ] ::1 /erqi/index.php/Admin/Public/__public__/js/jquery-1.9.1.min.js
ERR: 非法操作:__public__

[ 2016-07-23T17:27:05+08:00 ] ::1 /erqi/index.php/Admin/Goods/index?_=1469266025004
INFO: [ app_begin ] --START--
INFO: Run Behavior\ReadHtmlCacheBehavior [ RunTime:0.001190s ]
INFO: [ app_begin ] --END-- [ RunTime:0.001800s ]
SQL: SHOW COLUMNS FROM `store_goods` [ RunTime:0.0020s ]
SQL: SHOW COLUMNS FROM `store_goods` [ RunTime:0.0014s ]
SQL: SELECT COUNT(*) AS tp_count FROM `store_goods` LIMIT 1   [ RunTime:0.0136s ]
SQL: SELECT * FROM `store_goods` ORDER BY id desc LIMIT 0,10   [ RunTime:0.0009s ]
NOTIC: [8] Undefined variable: search /Users/ccc/Sites/erqi/App/Admin/Controller/CommonController.class.php 第 280 行.
NOTIC: [8] Undefined index: values /Users/ccc/Sites/erqi/App/Admin/Controller/CommonController.class.php 第 281 行.
INFO: [ view_parse ] --START--
INFO: [ template_filter ] --START--
INFO: Run Behavior\ContentReplaceBehavior [ RunTime:0.006621s ]
INFO: [ template_filter ] --END-- [ RunTime:0.006823s ]
NOTIC: [8] Undefined index: _order /Users/ccc/Sites/erqi/App/Runtime/Cache/Admin/aa143db074a4ae068af099999d56ed88.php 第 4 行.
NOTIC: [8] Undefined index: _sort /Users/ccc/Sites/erqi/App/Runtime/Cache/Admin/aa143db074a4ae068af099999d56ed88.php 第 5 行.
NOTIC: [8] Undefined index: keyword /Users/ccc/Sites/erqi/App/Runtime/Cache/Admin/aa143db074a4ae068af099999d56ed88.php 第 14 行.
INFO: Run Behavior\ParseTemplateBehavior [ RunTime:0.043800s ]
INFO: [ view_parse ] --END-- [ RunTime:0.044000s ]
INFO: [ view_filter ] --START--
INFO: Run Behavior\WriteHtmlCacheBehavior [ RunTime:0.000348s ]
INFO: [ view_filter ] --END-- [ RunTime:0.000413s ]
INFO: [ app_end ] --START--
INFO: Run Behavior\ShowPageTraceBehavior [ RunTime:0.000736s ]
INFO: [ app_end ] --END-- [ RunTime:0.000801s ]

[ 2016-07-23T17:27:09+08:00 ] ::1 /erqi/index.php/Admin/Goods/index
INFO: [ app_begin ] --START--
INFO: Run Behavior\ReadHtmlCacheBehavior [ RunTime:0.001352s ]
INFO: [ app_begin ] --END-- [ RunTime:0.001868s ]
SQL: SHOW COLUMNS FROM `store_goods` [ RunTime:0.0021s ]
SQL: SHOW COLUMNS FROM `store_goods` [ RunTime:0.0013s ]
SQL: SELECT COUNT(*) AS tp_count FROM `store_goods` LIMIT 1   [ RunTime:0.0004s ]
SQL: SELECT * FROM `store_goods` ORDER BY id desc LIMIT 0,10   [ RunTime:0.0011s ]
NOTIC: [8] Undefined variable: search /Users/ccc/Sites/erqi/App/Admin/Controller/CommonController.class.php 第 280 行.
NOTIC: [8] Undefined index: values /Users/ccc/Sites/erqi/App/Admin/Controller/CommonController.class.php 第 281 行.
INFO: [ view_parse ] --START--
INFO: [ template_filter ] --START--
INFO: Run Behavior\ContentReplaceBehavior [ RunTime:0.000101s ]
INFO: [ template_filter ] --END-- [ RunTime:0.000184s ]
NOTIC: [8] Undefined index: _order /Users/ccc/Sites/erqi/App/Runtime/Cache/Admin/aa143db074a4ae068af099999d56ed88.php 第 4 行.
NOTIC: [8] Undefined index: _sort /Users/ccc/Sites/erqi/App/Runtime/Cache/Admin/aa143db074a4ae068af099999d56ed88.php 第 5 行.
INFO: Run Behavior\ParseTemplateBehavior [ RunTime:0.017629s ]
INFO: [ view_parse ] --END-- [ RunTime:0.017715s ]
INFO: [ view_filter ] --START--
INFO: Run Behavior\WriteHtmlCacheBehavior [ RunTime:0.000348s ]
INFO: [ view_filter ] --END-- [ RunTime:0.000420s ]
INFO: [ app_end ] --START--
INFO: Run Behavior\ShowPageTraceBehavior [ RunTime:0.000842s ]
INFO: [ app_end ] --END-- [ RunTime:0.000915s ]

[ 2016-07-23T17:27:10+08:00 ] ::1 /erqi/index.php/Admin/Goods/index
INFO: [ app_begin ] --START--
INFO: Run Behavior\ReadHtmlCacheBehavior [ RunTime:0.000657s ]
INFO: [ app_begin ] --END-- [ RunTime:0.001263s ]
SQL: SHOW COLUMNS FROM `store_goods` [ RunTime:0.0013s ]
SQL: SHOW COLUMNS FROM `store_goods` [ RunTime:0.0012s ]
SQL: SELECT COUNT(*) AS tp_count FROM `store_goods` LIMIT 1   [ RunTime:0.0004s ]
SQL: SELECT * FROM `store_goods` ORDER BY id desc LIMIT 0,10   [ RunTime:0.0007s ]
NOTIC: [8] Undefined variable: search /Users/ccc/Sites/erqi/App/Admin/Controller/CommonController.class.php 第 280 行.
NOTIC: [8] Undefined index: values /Users/ccc/Sites/erqi/App/Admin/Controller/CommonController.class.php 第 281 行.
INFO: [ view_parse ] --START--
INFO: [ template_filter ] --START--
INFO: Run Behavior\ContentReplaceBehavior [ RunTime:0.000104s ]
INFO: [ template_filter ] --END-- [ RunTime:0.000191s ]
NOTIC: [8] Undefined index: _order /Users/ccc/Sites/erqi/App/Runtime/Cache/Admin/aa143db074a4ae068af099999d56ed88.php 第 4 行.
NOTIC: [8] Undefined index: _sort /Users/ccc/Sites/erqi/App/Runtime/Cache/Admin/aa143db074a4ae068af099999d56ed88.php 第 5 行.
INFO: Run Behavior\ParseTemplateBehavior [ RunTime:0.017237s ]
INFO: [ view_parse ] --END-- [ RunTime:0.017310s ]
INFO: [ view_filter ] --START--
INFO: Run Behavior\WriteHtmlCacheBehavior [ RunTime:0.000321s ]
INFO: [ view_filter ] --END-- [ RunTime:0.000383s ]
INFO: [ app_end ] --START--
INFO: Run Behavior\ShowPageTraceBehavior [ RunTime:0.000713s ]
INFO: [ app_end ] --END-- [ RunTime:0.000784s ]

[ 2016-07-23T17:27:11+08:00 ] ::1 /erqi/index.php/Admin/Goods/index
INFO: [ app_begin ] --START--
INFO: Run Behavior\ReadHtmlCacheBehavior [ RunTime:0.000678s ]
INFO: [ app_begin ] --END-- [ RunTime:0.001193s ]
SQL: SHOW COLUMNS FROM `store_goods` [ RunTime:0.0014s ]
SQL: SHOW COLUMNS FROM `store_goods` [ RunTime:0.0012s ]
SQL: SELECT COUNT(*) AS tp_count FROM `store_goods` LIMIT 1   [ RunTime:0.0004s ]
SQL: SELECT * FROM `store_goods` ORDER BY id desc LIMIT 0,10   [ RunTime:0.0015s ]
NOTIC: [8] Undefined variable: search /Users/ccc/Sites/erqi/App/Admin/Controller/CommonController.class.php 第 280 行.
NOTIC: [8] Undefined index: values /Users/ccc/Sites/erqi/App/Admin/Controller/CommonController.class.php 第 281 行.
INFO: [ view_parse ] --START--
INFO: [ template_filter ] --START--
INFO: Run Behavior\ContentReplaceBehavior [ RunTime:0.000105s ]
INFO: [ template_filter ] --END-- [ RunTime:0.000197s ]
NOTIC: [8] Undefined index: _order /Users/ccc/Sites/erqi/App/Runtime/Cache/Admin/aa143db074a4ae068af099999d56ed88.php 第 4 行.
NOTIC: [8] Undefined index: _sort /Users/ccc/Sites/erqi/App/Runtime/Cache/Admin/aa143db074a4ae068af099999d56ed88.php 第 5 行.
INFO: Run Behavior\ParseTemplateBehavior [ RunTime:0.035909s ]
INFO: [ view_parse ] --END-- [ RunTime:0.035985s ]
INFO: [ view_filter ] --START--
INFO: Run Behavior\WriteHtmlCacheBehavior [ RunTime:0.000253s ]
INFO: [ view_filter ] --END-- [ RunTime:0.000312s ]
INFO: [ app_end ] --START--
INFO: Run Behavior\ShowPageTraceBehavior [ RunTime:0.000671s ]
INFO: [ app_end ] --END-- [ RunTime:0.000734s ]

[ 2016-07-23T17:27:16+08:00 ] ::1 /erqi/index.php/Admin/Goodstag/index/goodsid/84/typename/%E4%B8%8A%E8%A1%A3?_=1469266036832
INFO: [ app_begin ] --START--
INFO: Run Behavior\ReadHtmlCacheBehavior [ RunTime:0.000833s ]
INFO: [ app_begin ] --END-- [ RunTime:0.001653s ]
NOTIC: [2048] Declaration of Admin\Controller\GoodsTagController::index() should be compatible with Admin\Controller\CommonController::index() /Users/ccc/Sites/erqi/App/Admin/Controller/GoodstagController.class.php 第 6 行.
SQL: SHOW COLUMNS FROM `store_category` [ RunTime:0.0011s ]
SQL: SELECT * FROM `store_category` WHERE `category_name` = '上衣' LIMIT 1   [ RunTime:0.0006s ]
SQL: SELECT * FROM `store_category` WHERE ( id=33 ) LIMIT 1   [ RunTime:0.0005s ]
SQL: SHOW COLUMNS FROM `store_goods_tag` [ RunTime:0.0011s ]
SQL: SELECT * FROM `store_goods_tag` WHERE ( goodsid=84 )  [ RunTime:0.0007s ]
SQL: SHOW COLUMNS FROM `store_tag` [ RunTime:0.0011s ]
SQL: SELECT * FROM `store_tag` WHERE `typename` = '服装' ORDER BY concat(path,id)  [ RunTime:0.0008s ]
INFO: [ view_parse ] --START--
INFO: [ template_filter ] --START--
INFO: Run Behavior\ContentReplaceBehavior [ RunTime:0.000077s ]
INFO: [ template_filter ] --END-- [ RunTime:0.000180s ]
INFO: Run Behavior\ParseTemplateBehavior [ RunTime:0.014758s ]
INFO: [ view_parse ] --END-- [ RunTime:0.014918s ]
INFO: [ view_filter ] --START--
INFO: Run Behavior\WriteHtmlCacheBehavior [ RunTime:0.002369s ]
INFO: [ view_filter ] --END-- [ RunTime:0.002466s ]
INFO: [ app_end ] --START--
INFO: Run Behavior\ShowPageTraceBehavior [ RunTime:0.001011s ]
INFO: [ app_end ] --END-- [ RunTime:0.001108s ]

[ 2016-07-23T17:27:39+08:00 ] ::1 /erqi/index.php/Admin/User/index?_=1469266059135
INFO: [ app_begin ] --START--
INFO: Run Behavior\ReadHtmlCacheBehavior [ RunTime:0.000862s ]
INFO: [ app_begin ] --END-- [ RunTime:0.001459s ]
SQL: SHOW COLUMNS FROM `store_user` [ RunTime:0.0015s ]
SQL: SHOW COLUMNS FROM `store_user` [ RunTime:0.0013s ]
SQL: SELECT COUNT(*) AS tp_count FROM `store_user` LIMIT 1   [ RunTime:0.0005s ]
SQL: SELECT * FROM `store_user` ORDER BY id desc LIMIT 0,10   [ RunTime:0.0014s ]
SQL: select name from store_User_role a,store_role b,store_user c where c.id=45 and a.uid=45 and b.id=a.rid [ RunTime:0.0072s ]
SQL: select name from store_User_role a,store_role b,store_user c where c.id=44 and a.uid=44 and b.id=a.rid [ RunTime:0.0007s ]
SQL: select name from store_User_role a,store_role b,store_user c where c.id=43 and a.uid=43 and b.id=a.rid [ RunTime:0.0006s ]
SQL: select name from store_User_role a,store_role b,store_user c where c.id=40 and a.uid=40 and b.id=a.rid [ RunTime:0.0008s ]
SQL: select name from store_User_role a,store_role b,store_user c where c.id=39 and a.uid=39 and b.id=a.rid [ RunTime:0.0009s ]
SQL: select name from store_User_role a,store_role b,store_user c where c.id=38 and a.uid=38 and b.id=a.rid [ RunTime:0.0044s ]
SQL: select name from store_User_role a,store_role b,store_user c where c.id=36 and a.uid=36 and b.id=a.rid [ RunTime:0.0072s ]
SQL: select name from store_User_role a,store_role b,store_user c where c.id=34 and a.uid=34 and b.id=a.rid [ RunTime:0.0008s ]
SQL: select name from store_User_role a,store_role b,store_user c where c.id=33 and a.uid=33 and b.id=a.rid [ RunTime:0.0045s ]
SQL: select name from store_User_role a,store_role b,store_user c where c.id=32 and a.uid=32 and b.id=a.rid [ RunTime:0.0015s ]
NOTIC: [8] Undefined variable: search /Users/ccc/Sites/erqi/App/Admin/Controller/CommonController.class.php 第 280 行.
NOTIC: [8] Undefined index: values /Users/ccc/Sites/erqi/App/Admin/Controller/CommonController.class.php 第 281 行.
INFO: [ view_parse ] --START--
INFO: [ template_filter ] --START--
INFO: Run Behavior\ContentReplaceBehavior [ RunTime:0.000119s ]
INFO: [ template_filter ] --END-- [ RunTime:0.000232s ]
NOTIC: [8] Undefined index: _order /Users/ccc/Sites/erqi/App/Runtime/Cache/Admin/4295d5db477f3199c8db51638416159f.php 第 4 行.
NOTIC: [8] Undefined index: _sort /Users/ccc/Sites/erqi/App/Runtime/Cache/Admin/4295d5db477f3199c8db51638416159f.php 第 5 行.
NOTIC: [8] Undefined index: keyword /Users/ccc/Sites/erqi/App/Runtime/Cache/Admin/4295d5db477f3199c8db51638416159f.php 第 14 行.
NOTIC: [8] Undefined variable: reslist /Users/ccc/Sites/erqi/App/Runtime/Cache/Admin/4295d5db477f3199c8db51638416159f.php 第 18 行.
INFO: Run Behavior\ParseTemplateBehavior [ RunTime:0.036066s ]
INFO: [ view_parse ] --END-- [ RunTime:0.036144s ]
INFO: [ view_filter ] --START--
INFO: Run Behavior\WriteHtmlCacheBehavior [ RunTime:0.000284s ]
INFO: [ view_filter ] --END-- [ RunTime:0.000348s ]
INFO: [ app_end ] --START--
INFO: Run Behavior\ShowPageTraceBehavior [ RunTime:0.000823s ]
INFO: [ app_end ] --END-- [ RunTime:0.000905s ]

[ 2016-07-23T17:27:47+08:00 ] ::1 /erqi/index.php/Admin/User/index
INFO: [ app_begin ] --START--
INFO: Run Behavior\ReadHtmlCacheBehavior [ RunTime:0.000733s ]
INFO: [ app_begin ] --END-- [ RunTime:0.001268s ]
SQL: SHOW COLUMNS FROM `store_user` [ RunTime:0.0015s ]
SQL: SHOW COLUMNS FROM `store_user` [ RunTime:0.0011s ]
ERR: 1054:Unknown column 'username' in 'where clause'
 [ SQL语句 ] : SELECT COUNT(*) AS tp_count FROM `store_user` WHERE (  `username` LIKE '%33%' OR `name` LIKE '%33%' ) LIMIT 1  
ERR: 1054:Unknown column 'username' in 'where clause'
 [ SQL语句 ] : SELECT * FROM `store_user` WHERE (  `username` LIKE '%33%' OR `name` LIKE '%33%' ) ORDER BY id desc LIMIT 0,10  
NOTIC: [2] Invalid argument supplied for foreach() /Users/ccc/Sites/erqi/App/Admin/Controller/UserController.class.php 第 83 行.
NOTIC: [8] Undefined variable: search /Users/ccc/Sites/erqi/App/Admin/Controller/CommonController.class.php 第 280 行.
NOTIC: [8] Undefined index: values /Users/ccc/Sites/erqi/App/Admin/Controller/CommonController.class.php 第 281 行.
INFO: [ view_parse ] --START--
INFO: [ template_filter ] --START--
INFO: Run Behavior\ContentReplaceBehavior [ RunTime:0.000091s ]
INFO: [ template_filter ] --END-- [ RunTime:0.000170s ]
NOTIC: [8] Undefined index: _order /Users/ccc/Sites/erqi/App/Runtime/Cache/Admin/4295d5db477f3199c8db51638416159f.php 第 4 行.
NOTIC: [8] Undefined index: _sort /Users/ccc/Sites/erqi/App/Runtime/Cache/Admin/4295d5db477f3199c8db51638416159f.php 第 5 行.
NOTIC: [8] Undefined variable: reslist /Users/ccc/Sites/erqi/App/Runtime/Cache/Admin/4295d5db477f3199c8db51638416159f.php 第 18 行.
INFO: Run Behavior\ParseTemplateBehavior [ RunTime:0.021020s ]
INFO: [ view_parse ] --END-- [ RunTime:0.021095s ]
INFO: [ view_filter ] --START--
INFO: Run Behavior\WriteHtmlCacheBehavior [ RunTime:0.000262s ]
INFO: [ view_filter ] --END-- [ RunTime:0.000324s ]
INFO: [ app_end ] --START--
INFO: Run Behavior\ShowPageTraceBehavior [ RunTime:0.000705s ]
INFO: [ app_end ] --END-- [ RunTime:0.000772s ]

[ 2016-07-23T17:27:50+08:00 ] ::1 /erqi/index.php/Admin/User/index
INFO: [ app_begin ] --START--
INFO: Run Behavior\ReadHtmlCacheBehavior [ RunTime:0.001275s ]
INFO: [ app_begin ] --END-- [ RunTime:0.001787s ]
SQL: SHOW COLUMNS FROM `store_user` [ RunTime:0.0015s ]
SQL: SHOW COLUMNS FROM `store_user` [ RunTime:0.0011s ]
ERR: 1054:Unknown column 'username' in 'where clause'
 [ SQL语句 ] : SELECT COUNT(*) AS tp_count FROM `store_user` WHERE (  `username` LIKE '%33%' OR `name` LIKE '%33%' ) LIMIT 1  
ERR: 1054:Unknown column 'username' in 'where clause'
 [ SQL语句 ] : SELECT * FROM `store_user` WHERE (  `username` LIKE '%33%' OR `name` LIKE '%33%' ) ORDER BY id desc LIMIT 0,10  
NOTIC: [2] Invalid argument supplied for foreach() /Users/ccc/Sites/erqi/App/Admin/Controller/UserController.class.php 第 83 行.
NOTIC: [8] Undefined variable: search /Users/ccc/Sites/erqi/App/Admin/Controller/CommonController.class.php 第 280 行.
NOTIC: [8] Undefined index: values /Users/ccc/Sites/erqi/App/Admin/Controller/CommonController.class.php 第 281 行.
INFO: [ view_parse ] --START--
INFO: [ template_filter ] --START--
INFO: Run Behavior\ContentReplaceBehavior [ RunTime:0.000091s ]
INFO: [ template_filter ] --END-- [ RunTime:0.000179s ]
NOTIC: [8] Undefined index: _order /Users/ccc/Sites/erqi/App/Runtime/Cache/Admin/4295d5db477f3199c8db51638416159f.php 第 4 行.
NOTIC: [8] Undefined index: _sort /Users/ccc/Sites/erqi/App/Runtime/Cache/Admin/4295d5db477f3199c8db51638416159f.php 第 5 行.
NOTIC: [8] Undefined variable: reslist /Users/ccc/Sites/erqi/App/Runtime/Cache/Admin/4295d5db477f3199c8db51638416159f.php 第 18 行.
INFO: Run Behavior\ParseTemplateBehavior [ RunTime:0.016586s ]
INFO: [ view_parse ] --END-- [ RunTime:0.016667s ]
INFO: [ view_filter ] --START--
INFO: Run Behavior\WriteHtmlCacheBehavior [ RunTime:0.000381s ]
INFO: [ view_filter ] --END-- [ RunTime:0.000446s ]
INFO: [ app_end ] --START--
INFO: Run Behavior\ShowPageTraceBehavior [ RunTime:0.000715s ]
INFO: [ app_end ] --END-- [ RunTime:0.000787s ]

[ 2016-07-23T17:28:01+08:00 ] ::1 /erqi/index.php/Admin/Tag/index?_=1469266081565
INFO: [ app_begin ] --START--
INFO: Run Behavior\ReadHtmlCacheBehavior [ RunTime:0.010712s ]
INFO: [ app_begin ] --END-- [ RunTime:0.011731s ]
SQL: SHOW COLUMNS FROM `store_tag` [ RunTime:0.0092s ]
SQL: SELECT * FROM `store_tag` ORDER BY concat(path,id)  [ RunTime:0.0012s ]
INFO: [ view_parse ] --START--
INFO: [ template_filter ] --START--
INFO: Run Behavior\ContentReplaceBehavior [ RunTime:0.000096s ]
INFO: [ template_filter ] --END-- [ RunTime:0.000217s ]
NOTIC: [8] Undefined variable: numPerPage /Users/ccc/Sites/erqi/App/Runtime/Cache/Admin/257703e26f9d5e9300ec75a199ed45cf.php 第 3 行.
NOTIC: [8] Undefined index: _order /Users/ccc/Sites/erqi/App/Runtime/Cache/Admin/257703e26f9d5e9300ec75a199ed45cf.php 第 4 行.
NOTIC: [8] Undefined index: _sort /Users/ccc/Sites/erqi/App/Runtime/Cache/Admin/257703e26f9d5e9300ec75a199ed45cf.php 第 5 行.
NOTIC: [8] Undefined variable: numPerPage /Users/ccc/Sites/erqi/App/Runtime/Cache/Admin/257703e26f9d5e9300ec75a199ed45cf.php 第 9 行.
NOTIC: [8] Undefined index: keyword /Users/ccc/Sites/erqi/App/Runtime/Cache/Admin/257703e26f9d5e9300ec75a199ed45cf.php 第 14 行.
NOTIC: [8] Undefined variable: numPerPage /Users/ccc/Sites/erqi/App/Runtime/Cache/Admin/257703e26f9d5e9300ec75a199ed45cf.php 第 61 行.
NOTIC: [8] Undefined variable: numPerPage /Users/ccc/Sites/erqi/App/Runtime/Cache/Admin/257703e26f9d5e9300ec75a199ed45cf.php 第 62 行.
NOTIC: [8] Undefined variable: numPerPage /Users/ccc/Sites/erqi/App/Runtime/Cache/Admin/257703e26f9d5e9300ec75a199ed45cf.php 第 63 行.
NOTIC: [8] Undefined variable: numPerPage /Users/ccc/Sites/erqi/App/Runtime/Cache/Admin/257703e26f9d5e9300ec75a199ed45cf.php 第 64 行.
NOTIC: [8] Undefined variable: numPerPage /Users/ccc/Sites/erqi/App/Runtime/Cache/Admin/257703e26f9d5e9300ec75a199ed45cf.php 第 65 行.
NOTIC: [8] Undefined variable: totalCount /Users/ccc/Sites/erqi/App/Runtime/Cache/Admin/257703e26f9d5e9300ec75a199ed45cf.php 第 67 行.
NOTIC: [8] Undefined variable: totalCount /Users/ccc/Sites/erqi/App/Runtime/Cache/Admin/257703e26f9d5e9300ec75a199ed45cf.php 第 69 行.
NOTIC: [8] Undefined variable: numPerPage /Users/ccc/Sites/erqi/App/Runtime/Cache/Admin/257703e26f9d5e9300ec75a199ed45cf.php 第 69 行.
NOTIC: [8] Undefined variable: currentPage /Users/ccc/Sites/erqi/App/Runtime/Cache/Admin/257703e26f9d5e9300ec75a199ed45cf.php 第 69 行.
INFO: Run Behavior\ParseTemplateBehavior [ RunTime:0.032614s ]
INFO: [ view_parse ] --END-- [ RunTime:0.032717s ]
INFO: [ view_filter ] --START--
INFO: Run Behavior\WriteHtmlCacheBehavior [ RunTime:0.000657s ]
INFO: [ view_filter ] --END-- [ RunTime:0.000723s ]
INFO: [ app_end ] --START--
INFO: Run Behavior\ShowPageTraceBehavior [ RunTime:0.001321s ]
INFO: [ app_end ] --END-- [ RunTime:0.001471s ]

